2019-04-10 15:01:14,310 INFO  [main] com.employee.Employees.EmployeesApplication : Starting EmployeesApplication on DIN16004586 with PID 8592 (D:\Users\shuraut\Desktop\spring-boot-service\swagger-employee-application\bin\main started by shuraut in D:\Users\shuraut\Desktop\spring-boot-service\swagger-employee-application)
2019-04-10 15:01:14,313 INFO  [main] com.employee.Employees.EmployeesApplication : No active profile set, falling back to default profiles: default
2019-04-10 15:01:15,530 INFO  [main] org.springframework.boot.web.embedded.tomcat.TomcatWebServer : Tomcat initialized with port(s): 8083 (http)
2019-04-10 15:01:15,549 INFO  [main] org.apache.catalina.core.StandardService : Starting service [Tomcat]
2019-04-10 15:01:15,550 INFO  [main] org.apache.catalina.core.StandardEngine : Starting Servlet engine: [Apache Tomcat/9.0.16]
2019-04-10 15:01:15,556 INFO  [main] org.apache.catalina.core.AprLifecycleListener : The APR based Apache Tomcat Native library which allows optimal performance in production environments was not found on the java.library.path: [C:\Program Files\Java\jre1.8.0_131\bin;C:\WINDOWS\Sun\Java\bin;C:\WINDOWS\system32;C:\WINDOWS;C:\WINDOWS\system32;C:\WINDOWS;C:\WINDOWS\System32\Wbem;C:\WINDOWS\System32\WindowsPowerShell\v1.0\;C:\Program Files (x86)\QuickTime\QTSystem\;C:\Program Files\CapgeminiScripts\Support Tools\;.]
2019-04-10 15:01:15,673 INFO  [main] org.apache.catalina.core.ContainerBase.[Tomcat].[localhost].[/] : Initializing Spring embedded WebApplicationContext
2019-04-10 15:01:16,078 INFO  [main] org.springframework.scheduling.concurrent.ThreadPoolTaskExecutor : Initializing ExecutorService 'applicationTaskExecutor'
2019-04-10 15:01:16,183 INFO  [main] springfox.documentation.spring.web.plugins.DocumentationPluginsBootstrapper : Context refreshed
2019-04-10 15:01:16,195 INFO  [main] springfox.documentation.spring.web.plugins.DocumentationPluginsBootstrapper : Found 1 custom documentation plugin(s)
2019-04-10 15:01:16,205 INFO  [main] springfox.documentation.spring.web.scanners.ApiListingReferenceScanner : Scanning for api listing references
2019-04-10 15:01:16,448 INFO  [main] org.springframework.boot.web.embedded.tomcat.TomcatWebServer : Tomcat started on port(s): 8083 (http) with context path ''
2019-04-10 15:01:16,451 INFO  [main] com.employee.Employees.EmployeesApplication : Started EmployeesApplication in 2.518 seconds (JVM running for 3.711)
2019-04-10 15:03:57,899 INFO  [main] com.employee.Employees.EmployeesApplication : Starting EmployeesApplication on DIN16004586 with PID 11768 (D:\Users\shuraut\Desktop\spring-boot-service\swagger-employee-application\bin\main started by shuraut in D:\Users\shuraut\Desktop\spring-boot-service\swagger-employee-application)
2019-04-10 15:03:57,902 INFO  [main] com.employee.Employees.EmployeesApplication : No active profile set, falling back to default profiles: default
2019-04-10 15:03:59,017 INFO  [main] org.springframework.boot.web.embedded.tomcat.TomcatWebServer : Tomcat initialized with port(s): 8083 (http)
2019-04-10 15:03:59,037 INFO  [main] org.apache.catalina.core.StandardService : Starting service [Tomcat]
2019-04-10 15:03:59,038 INFO  [main] org.apache.catalina.core.StandardEngine : Starting Servlet engine: [Apache Tomcat/9.0.16]
2019-04-10 15:03:59,044 INFO  [main] org.apache.catalina.core.AprLifecycleListener : The APR based Apache Tomcat Native library which allows optimal performance in production environments was not found on the java.library.path: [C:\Program Files\Java\jre1.8.0_131\bin;C:\WINDOWS\Sun\Java\bin;C:\WINDOWS\system32;C:\WINDOWS;C:\WINDOWS\system32;C:\WINDOWS;C:\WINDOWS\System32\Wbem;C:\WINDOWS\System32\WindowsPowerShell\v1.0\;C:\Program Files (x86)\QuickTime\QTSystem\;C:\Program Files\CapgeminiScripts\Support Tools\;.]
2019-04-10 15:03:59,155 INFO  [main] org.apache.catalina.core.ContainerBase.[Tomcat].[localhost].[/] : Initializing Spring embedded WebApplicationContext
2019-04-10 15:03:59,534 INFO  [main] org.springframework.scheduling.concurrent.ThreadPoolTaskExecutor : Initializing ExecutorService 'applicationTaskExecutor'
2019-04-10 15:03:59,638 INFO  [main] springfox.documentation.spring.web.plugins.DocumentationPluginsBootstrapper : Context refreshed
2019-04-10 15:03:59,651 INFO  [main] springfox.documentation.spring.web.plugins.DocumentationPluginsBootstrapper : Found 1 custom documentation plugin(s)
2019-04-10 15:03:59,661 INFO  [main] springfox.documentation.spring.web.scanners.ApiListingReferenceScanner : Scanning for api listing references
2019-04-10 15:03:59,933 ERROR [main] org.apache.catalina.util.LifecycleBase : Failed to start component [Connector[HTTP/1.1-8083]]
org.apache.catalina.LifecycleException: Protocol handler start failed
	at org.apache.catalina.connector.Connector.startInternal(Connector.java:1008)
	at org.apache.catalina.util.LifecycleBase.start(LifecycleBase.java:183)
	at org.apache.catalina.core.StandardService.addConnector(StandardService.java:226)
	at org.springframework.boot.web.embedded.tomcat.TomcatWebServer.addPreviouslyRemovedConnectors(TomcatWebServer.java:259)
	at org.springframework.boot.web.embedded.tomcat.TomcatWebServer.start(TomcatWebServer.java:197)
	at org.springframework.boot.web.servlet.context.ServletWebServerApplicationContext.startWebServer(ServletWebServerApplicationContext.java:311)
	at org.springframework.boot.web.servlet.context.ServletWebServerApplicationContext.finishRefresh(ServletWebServerApplicationContext.java:164)
	at org.springframework.context.support.AbstractApplicationContext.refresh(AbstractApplicationContext.java:552)
	at org.springframework.boot.web.servlet.context.ServletWebServerApplicationContext.refresh(ServletWebServerApplicationContext.java:142)
	at org.springframework.boot.SpringApplication.refresh(SpringApplication.java:775)
	at org.springframework.boot.SpringApplication.refreshContext(SpringApplication.java:397)
	at org.springframework.boot.SpringApplication.run(SpringApplication.java:316)
	at org.springframework.boot.SpringApplication.run(SpringApplication.java:1260)
	at org.springframework.boot.SpringApplication.run(SpringApplication.java:1248)
	at com.employee.Employees.EmployeesApplication.main(EmployeesApplication.java:10)
Caused by: java.net.BindException: Address already in use: bind
	at sun.nio.ch.Net.bind0(Native Method)
	at sun.nio.ch.Net.bind(Unknown Source)
	at sun.nio.ch.Net.bind(Unknown Source)
	at sun.nio.ch.ServerSocketChannelImpl.bind(Unknown Source)
	at sun.nio.ch.ServerSocketAdaptor.bind(Unknown Source)
	at org.apache.tomcat.util.net.NioEndpoint.initServerSocket(NioEndpoint.java:236)
	at org.apache.tomcat.util.net.NioEndpoint.bind(NioEndpoint.java:210)
	at org.apache.tomcat.util.net.AbstractEndpoint.bindWithCleanup(AbstractEndpoint.java:1085)
	at org.apache.tomcat.util.net.AbstractEndpoint.start(AbstractEndpoint.java:1171)
	at org.apache.coyote.AbstractProtocol.start(AbstractProtocol.java:568)
	at org.apache.catalina.connector.Connector.startInternal(Connector.java:1005)
	... 14 common frames omitted
2019-04-10 15:03:59,940 INFO  [main] org.apache.catalina.core.StandardService : Stopping service [Tomcat]
2019-04-10 15:04:00,058 INFO  [main] org.springframework.boot.autoconfigure.logging.ConditionEvaluationReportLoggingListener : 

Error starting ApplicationContext. To display the conditions report re-run your application with 'debug' enabled.
2019-04-10 15:04:00,156 ERROR [main] org.springframework.boot.diagnostics.LoggingFailureAnalysisReporter : 

***************************
APPLICATION FAILED TO START
***************************

Description:

The Tomcat connector configured to listen on port 8083 failed to start. The port may already be in use or the connector may be misconfigured.

Action:

Verify the connector's configuration, identify and stop any process that's listening on port 8083, or configure this application to listen on another port.

2019-04-10 15:04:00,159 INFO  [main] org.springframework.scheduling.concurrent.ThreadPoolTaskExecutor : Shutting down ExecutorService 'applicationTaskExecutor'
2019-04-10 15:04:34,084 INFO  [RMI TCP Connection(10)-127.0.0.1] org.springframework.boot.admin.SpringApplicationAdminMXBeanRegistrar$SpringApplicationAdmin : Application shutdown requested.
2019-04-10 15:04:34,091 INFO  [RMI TCP Connection(10)-127.0.0.1] org.springframework.scheduling.concurrent.ThreadPoolTaskExecutor : Shutting down ExecutorService 'applicationTaskExecutor'
2019-04-10 15:04:39,553 INFO  [main] com.employee.Employees.EmployeesApplication : Starting EmployeesApplication on DIN16004586 with PID 12132 (D:\Users\shuraut\Desktop\spring-boot-service\swagger-employee-application\bin\main started by shuraut in D:\Users\shuraut\Desktop\spring-boot-service\swagger-employee-application)
2019-04-10 15:04:39,556 INFO  [main] com.employee.Employees.EmployeesApplication : No active profile set, falling back to default profiles: default
2019-04-10 15:04:40,631 INFO  [main] org.springframework.boot.web.embedded.tomcat.TomcatWebServer : Tomcat initialized with port(s): 8083 (http)
2019-04-10 15:04:40,653 INFO  [main] org.apache.catalina.core.StandardService : Starting service [Tomcat]
2019-04-10 15:04:40,653 INFO  [main] org.apache.catalina.core.StandardEngine : Starting Servlet engine: [Apache Tomcat/9.0.16]
2019-04-10 15:04:40,659 INFO  [main] org.apache.catalina.core.AprLifecycleListener : The APR based Apache Tomcat Native library which allows optimal performance in production environments was not found on the java.library.path: [C:\Program Files\Java\jre1.8.0_131\bin;C:\WINDOWS\Sun\Java\bin;C:\WINDOWS\system32;C:\WINDOWS;C:\WINDOWS\system32;C:\WINDOWS;C:\WINDOWS\System32\Wbem;C:\WINDOWS\System32\WindowsPowerShell\v1.0\;C:\Program Files (x86)\QuickTime\QTSystem\;C:\Program Files\CapgeminiScripts\Support Tools\;.]
2019-04-10 15:04:40,761 INFO  [main] org.apache.catalina.core.ContainerBase.[Tomcat].[localhost].[/] : Initializing Spring embedded WebApplicationContext
2019-04-10 15:04:41,153 INFO  [main] org.springframework.scheduling.concurrent.ThreadPoolTaskExecutor : Initializing ExecutorService 'applicationTaskExecutor'
2019-04-10 15:04:41,256 INFO  [main] springfox.documentation.spring.web.plugins.DocumentationPluginsBootstrapper : Context refreshed
2019-04-10 15:04:41,269 INFO  [main] springfox.documentation.spring.web.plugins.DocumentationPluginsBootstrapper : Found 1 custom documentation plugin(s)
2019-04-10 15:04:41,279 INFO  [main] springfox.documentation.spring.web.scanners.ApiListingReferenceScanner : Scanning for api listing references
2019-04-10 15:04:41,496 INFO  [main] org.springframework.boot.web.embedded.tomcat.TomcatWebServer : Tomcat started on port(s): 8083 (http) with context path ''
2019-04-10 15:04:41,499 INFO  [main] com.employee.Employees.EmployeesApplication : Started EmployeesApplication in 2.291 seconds (JVM running for 3.269)
2019-04-10 15:07:12,062 INFO  [http-nio-8083-exec-1] org.apache.catalina.core.ContainerBase.[Tomcat].[localhost].[/] : Initializing Spring DispatcherServlet 'dispatcherServlet'
2019-04-10 15:07:40,768 INFO  [http-nio-8083-exec-10] com.employee.Employees.service.EmployeeService : Inside addNewEmployee method
2019-04-10 15:07:40,769 INFO  [http-nio-8083-exec-10] com.employee.Employees.service.EmployeeService : Employee Employee [employeeId=0, employeeName=Shubham, department=apps] added
2019-04-10 15:13:07,571 INFO  [Test worker] com.employee.Employees.EmployeesApplicationTests : Starting EmployeesApplicationTests on DIN16004586 with PID 10556 (started by shuraut in D:\Users\shuraut\Desktop\spring-boot-service\swagger-employee-application)
2019-04-10 15:13:07,573 INFO  [Test worker] com.employee.Employees.EmployeesApplicationTests : No active profile set, falling back to default profiles: default
2019-04-10 15:13:13,395 INFO  [Test worker] org.springframework.scheduling.concurrent.ThreadPoolTaskExecutor : Initializing ExecutorService 'applicationTaskExecutor'
2019-04-10 15:13:13,737 INFO  [Test worker] springfox.documentation.spring.web.plugins.DocumentationPluginsBootstrapper : Context refreshed
2019-04-10 15:13:13,760 INFO  [Test worker] springfox.documentation.spring.web.plugins.DocumentationPluginsBootstrapper : Found 1 custom documentation plugin(s)
2019-04-10 15:13:13,774 INFO  [Test worker] springfox.documentation.spring.web.scanners.ApiListingReferenceScanner : Scanning for api listing references
2019-04-10 15:13:13,944 INFO  [Test worker] com.employee.Employees.EmployeesApplicationTests : Started EmployeesApplicationTests in 7.155 seconds (JVM running for 9.036)
2019-04-10 15:13:14,379 INFO  [Thread-5] org.springframework.scheduling.concurrent.ThreadPoolTaskExecutor : Shutting down ExecutorService 'applicationTaskExecutor'
2019-04-10 15:29:49,435 INFO  [Test worker] com.employee.Employees.EmployeesApplicationTests : Starting EmployeesApplicationTests on DIN16004586 with PID 11044 (started by shuraut in D:\Users\shuraut\Desktop\spring-boot-service\swagger-employee-application)
2019-04-10 15:29:49,439 INFO  [Test worker] com.employee.Employees.EmployeesApplicationTests : No active profile set, falling back to default profiles: default
2019-04-10 15:29:51,888 INFO  [Test worker] org.springframework.context.support.PostProcessorRegistrationDelegate$BeanPostProcessorChecker : Bean 'org.springframework.kafka.annotation.KafkaBootstrapConfiguration' of type [org.springframework.kafka.annotation.KafkaBootstrapConfiguration$$EnhancerBySpringCGLIB$$be230c2] is not eligible for getting processed by all BeanPostProcessors (for example: not eligible for auto-proxying)
2019-04-10 15:29:53,573 INFO  [Test worker] org.springframework.scheduling.concurrent.ThreadPoolTaskExecutor : Initializing ExecutorService 'applicationTaskExecutor'
2019-04-10 15:29:54,018 INFO  [Test worker] springfox.documentation.spring.web.plugins.DocumentationPluginsBootstrapper : Context refreshed
2019-04-10 15:29:54,042 INFO  [Test worker] springfox.documentation.spring.web.plugins.DocumentationPluginsBootstrapper : Found 1 custom documentation plugin(s)
2019-04-10 15:29:54,057 INFO  [Test worker] springfox.documentation.spring.web.scanners.ApiListingReferenceScanner : Scanning for api listing references
2019-04-10 15:29:54,271 INFO  [Test worker] com.employee.Employees.EmployeesApplicationTests : Started EmployeesApplicationTests in 5.291 seconds (JVM running for 7.102)
2019-04-10 15:29:54,831 INFO  [Thread-5] org.springframework.scheduling.concurrent.ThreadPoolTaskExecutor : Shutting down ExecutorService 'applicationTaskExecutor'
